<?xml version="1.0" encoding="UTF-8"?>
<!-- Generated by org.testng.reporters.JUnitReportReporter -->
<testsuite hostname="LAPTOP-15N4ONKA" name="dataDrivenFramework.LoginPage" tests="1" failures="0" timestamp="26 Nov 2018 18:43:34 GMT" time="4.144" errors="0">
  <testcase name="readData" time="4.144" classname="dataDrivenFramework.LoginPage"/>
</testsuite> <!-- dataDrivenFramework.LoginPage -->
